[debug] [2024-04-24T12:08:42.849Z] ----------------------------------------------------------------------
[debug] [2024-04-24T12:08:42.851Z] Command:       C:\Program Files\nodejs\node.exe C:\Users\Samiksha\AppData\Roaming\npm\node_modules\firebase-tools\lib\bin\firebase.js init
[debug] [2024-04-24T12:08:42.852Z] CLI Version:   13.5.1
[debug] [2024-04-24T12:08:42.852Z] Platform:      win32
[debug] [2024-04-24T12:08:42.852Z] Node Version:  v20.10.0
[debug] [2024-04-24T12:08:42.852Z] Time:          Wed Apr 24 2024 17:38:42 GMT+0530 (India Standard Time)
[debug] [2024-04-24T12:08:42.852Z] ----------------------------------------------------------------------
[debug] 
[debug] [2024-04-24T12:08:42.926Z] > command requires scopes: ["email","openid","https://www.googleapis.com/auth/cloudplatformprojects.readonly","https://www.googleapis.com/auth/firebase","https://www.googleapis.com/auth/cloud-platform"]
[debug] [2024-04-24T12:08:42.926Z] > authorizing via signed-in user (ychandramore9@gmail.com)
[info] 
     ######## #### ########  ######## ########     ###     ######  ########
     ##        ##  ##     ## ##       ##     ##  ##   ##  ##       ##
     ######    ##  ########  ######   ########  #########  ######  ######
     ##        ##  ##    ##  ##       ##     ## ##     ##       ## ##
     ##       #### ##     ## ######## ########  ##     ##  ######  ########

You're about to initialize a Firebase project in this directory:

  C:\Users\Samiksha\OneDrive\Desktop\dash

Before we get started, keep in mind:

  * You are initializing within an existing Firebase project directory

